0 info it worked if it ends with ok
1 verbose cli [ '/usr/bin/nodejs',
1 verbose cli   '/usr/bin/npm',
1 verbose cli   'i',
1 verbose cli   'https://github.com/zohararad/audio5js.git' ]
2 info using npm@1.4.21
3 info using node@v0.10.25
4 verbose readDependencies using package.json deps
5 verbose cache add [ 'https://github.com/zohararad/audio5js.git', null ]
6 verbose cache add name=undefined spec="https://github.com/zohararad/audio5js.git" args=["https://github.com/zohararad/audio5js.git",null]
7 verbose parsed url { protocol: 'https:',
7 verbose parsed url   slashes: true,
7 verbose parsed url   auth: null,
7 verbose parsed url   host: 'github.com',
7 verbose parsed url   port: null,
7 verbose parsed url   hostname: 'github.com',
7 verbose parsed url   hash: null,
7 verbose parsed url   search: null,
7 verbose parsed url   query: null,
7 verbose parsed url   pathname: '/zohararad/audio5js.git',
7 verbose parsed url   path: '/zohararad/audio5js.git',
7 verbose parsed url   href: 'https://github.com/zohararad/audio5js.git' }
8 silly lockFile f3239d86-ithub-com-zohararad-audio5js-git https://github.com/zohararad/audio5js.git
9 verbose lock https://github.com/zohararad/audio5js.git /home/olegfox/.npm/f3239d86-ithub-com-zohararad-audio5js-git.lock
10 verbose addRemoteTarball [ 'https://github.com/zohararad/audio5js.git', null ]
11 info retry fetch attempt 1 at 00:32:54
12 verbose fetch to= /tmp/npm-12295-aSnbGWiZ/github.com/zohararad/audio5js.git
13 http GET https://github.com/zohararad/audio5js.git
14 http 200 https://github.com/zohararad/audio5js.git
15 verbose tar unpack /tmp/npm-12295-aSnbGWiZ/github.com/zohararad/audio5js.git
16 silly lockFile 82a36cc6-om-zohararad-audio5js-git-unpack tar:///tmp/npm-12295-aSnbGWiZ/github.com/zohararad/audio5js.git-unpack
17 verbose lock tar:///tmp/npm-12295-aSnbGWiZ/github.com/zohararad/audio5js.git-unpack /home/olegfox/.npm/82a36cc6-om-zohararad-audio5js-git-unpack.lock
18 silly lockFile 2173196a-ithub-com-zohararad-audio5js-git tar:///tmp/npm-12295-aSnbGWiZ/github.com/zohararad/audio5js.git
19 verbose lock tar:///tmp/npm-12295-aSnbGWiZ/github.com/zohararad/audio5js.git /home/olegfox/.npm/2173196a-ithub-com-zohararad-audio5js-git.lock
20 silly gunzTarPerm modes [ '755', '644' ]
21 error not a package /tmp/npm-12295-aSnbGWiZ/github.com/zohararad/audio5js.git
22 silly lockFile 82a36cc6-om-zohararad-audio5js-git-unpack tar:///tmp/npm-12295-aSnbGWiZ/github.com/zohararad/audio5js.git-unpack
23 silly lockFile 82a36cc6-om-zohararad-audio5js-git-unpack tar:///tmp/npm-12295-aSnbGWiZ/github.com/zohararad/audio5js.git-unpack
24 silly lockFile 2173196a-ithub-com-zohararad-audio5js-git tar:///tmp/npm-12295-aSnbGWiZ/github.com/zohararad/audio5js.git
25 silly lockFile 2173196a-ithub-com-zohararad-audio5js-git tar:///tmp/npm-12295-aSnbGWiZ/github.com/zohararad/audio5js.git
26 silly lockFile f3239d86-ithub-com-zohararad-audio5js-git https://github.com/zohararad/audio5js.git
27 silly lockFile f3239d86-ithub-com-zohararad-audio5js-git https://github.com/zohararad/audio5js.git
28 error Error: ENOENT, open '/tmp/npm-12295-aSnbGWiZ/github.com/zohararad/audio5js.git-unpack/package.json'
29 error If you need help, you may report this *entire* log,
29 error including the npm and node versions, at:
29 error     <http://github.com/npm/npm/issues>
30 error System Linux 3.19.0-30-generic
31 error command "/usr/bin/nodejs" "/usr/bin/npm" "i" "https://github.com/zohararad/audio5js.git"
32 error cwd /var/www/muzlo_template
33 error node -v v0.10.25
34 error npm -v 1.4.21
35 error path /tmp/npm-12295-aSnbGWiZ/github.com/zohararad/audio5js.git-unpack/package.json
36 error code ENOENT
37 error errno 34
38 verbose exit [ 34, true ]
